database mads
screen
{
						Jatkuvien tilausten hoito

Tilauksen nro           Yhtiö  Tyyppi 
[f000                ]  [a]    [f001] 

Noutokatunro                   Katu                                      Huoneisto Kunta   Ruutu   Nouto-osoitehuomautus
       [f003  ]                [f004                ]                    [f006 ]   [a6 ]  [f008]   [f002                          ]

Risteys                        Risteyskatu                               Matkustaja              Puhelinnumero
                               [f005                ]                    [f007                ]  [f009              ]
 
Pääm   Katunro                 Katu                                      Huoneisto Kunta   Ruutu   Kohdeosoitehuomautus
       [f015  ]                [f016                ]                    [f017 ]   [b1 ]  [f018]   [f014                          ]
 
Muita huomautuksia
[f011                                                            ]
}

screen
{
						Jatkuvien tilausten hoito

Erikoispyyntö      Autoja  Tärkeys  Ilmoita saapuminen
[f019]   [e]       [h]     [f022]        [z]

Auton koodi          Auton ominaisuus
		      1    2    3    4    5    6    7    8    9    10   11   12   13   14   15   16
[f]                  [j0] [j1] [j2] [j3] [j4] [j5] [j6] [j7] [k0] [k1] [k2] [k3] [k4] [k5] [k6] [k7]

		      17   18   19   20   21   22   23   24   25   26   27   28   29   30   31   32
		     [l0] [l1] [l2] [l3] [l4] [l5] [l6] [l7] [m0] [m1] [m2] [m3] [m4] [m5] [m6] [m7]

Ajajan koodi         Ajajan ominaisuus
		      1    2    3    4    5    6    7    8    9    10   11   12   13   14   15   16
[g]                  [n0] [n1] [n2] [n3] [n4] [n5] [n6] [n7] [o0] [o1] [o2] [o3] [o4] [o5] [o6] [o7]

		      17   18   19   20   21   22   23   24   25   26   27   28   29   30   31   32
		     [p0] [p1] [p2] [p3] [p4] [p5] [p6] [p7] [q0] [q1] [q2] [q3] [q4] [q5] [q6] [q7]
}

screen
{
						Jatkuvien tilausten hoito

Laskutusnumero          Tilaaja                 Yhteyshenkilö         Matkan hinta  Alkupvm      Loppupvm        Paikal
[f023              ]  [f024                ]  [f025                ]  [f026   ]     [f027     ]  [f028     ]     [b]

                   Maanant  Tiistai  Keskiv     Torstai   Perjant  Lauant    Sunnunt                       Kartta
Noutoaika          [f029]   [f031]   [f033]     [f035]    [f037]   [f039]    [f041]          Noutokoord    [f055  ]
Yksi vaihtokerta   [f030]   [f032]   [f034]     [f036]    [f038]   [f040]    [f042]          Pääm-koord    [f056  ]

Kirjauspvm    Kirjausaika   KUITT Kirjaaja    Muuttaja      Ajonumero 1             Ajonumero 2          
[f048     ]    [f049  ]     [i]   [f044]      [f045]        [f046                ]  [f047                ]

Lisätietoja 1                  Lisätietoja 2                  Viesti ajajalle                         Yritys                
[f050                     ]    [f051                     ]    [f054                                ]  [f053                     ]
}
end
tables
subcall zone
attributes
f000 = subcall.sc_nbr,RIGHT,REQUIRED,NOENTRY,COMMENTS="Systeemin antama jatkuvan tilauksen numero";
a = subcall.sc_fleet = zone.zn_fleet,QUERYCLEAR,UPSHIFT,REQUIRED,NOENTRY,COMMENTS="Yhtiön tunnus";
f001 = subcall.sc_extend_type,UPSHIFT,NOENTRY,COMMENTS="Laskutettava tilaustyyppi";
f003 = subcall.sc_pckup_str_nbr,RIGHT,NOENTRY,COMMENTS="Kuuden merkin katunumero";
f004 = subcall.sc_pckup_str_name,UPSHIFT,NOENTRY,COMMENTS="Noutokadun nimi";
f006 = subcall.sc_pckup_apt_room,UPSHIFT,NOENTRY,COMMENTS="Nouto-osoitteen huoneisto";
a6 = subcall.sc_pckup_city,UPSHIFT,NOENTRY,COMMENTS="Noutoalueen lyhenne";
f008 = subcall.sc_pckup_zone = zone.zn_nbr,QUERYCLEAR,RIGHT,include=(1 to 999),NOENTRY,COMMENTS="Käyttäjän tai tietokoneen antama nouto-alueen numero (1 - 999)";
f002 = subcall.sc_pckup_adr_cmnt,UPSHIFT,NOENTRY,COMMENTS="Noutoaluehuomautus karttatiedostosta";
f005 = subcall.sc_intr_str_name,UPSHIFT,NOENTRY,COMMENTS="Risteyskadun nimi";
f007 = subcall.sc_passenger_name,UPSHIFT,NOENTRY,COMMENTS="Matkustajan nimi";
f009 = subcall.sc_phone_number,NOENTRY,COMMENTS="Puhelinnumero";
f015 = subcall.sc_dest_str_nbr,RIGHT,NOENTRY,COMMENTS="Kuusinumeroinen katunumero";
f016 = subcall.sc_dest_str_name,UPSHIFT,NOENTRY,COMMENTS="Päämääräkadun nimi";
f017 = subcall.sc_dest_apt_room,UPSHIFT,NOENTRY,COMMENTS="Päämäärän huoneiston numero";
b1 = subcall.sc_dest_city,UPSHIFT,NOENTRY,COMMENTS="Päämääräalueen lyhenne";
f018 = subcall.sc_dest_zone,RIGHT,include=(1 to 9999),NOENTRY,COMMENTS="Käyttäjän tai tietokoneen antama päämääräruudun numero";
f014 = subcall.sc_dest_adr_cmnt,UPSHIFT,NOENTRY,COMMENTS="Päämääräosoitteen selitys karttatiedostosta";
f011 = subcall.sc_general_cmnt,UPSHIFT,NOENTRY,COMMENTS="Ensimmäinen osa muille huomautuksille";
f019 = subcall.sc_personal_veh,RIGHT,include=(0 to 9999,NULL),NOENTRY,COMMENTS="Ominaisuus autolle jota asiakas on erityisesti pyytänyt (1-9999)";
e = subcall.sc_personal_rqst,UPSHIFT,include=(V,J,NULL),NOENTRY,COMMENTS="'V'ain erityisesti pyydetty auto tai lähetä 'J'os saatavana";
h = subcall.sc_nbr_of_vehs,include=(1 to 9),NOENTRY,COMMENTS="Automäärä tämän ajon hoitamiseen";
f022 = subcall.sc_priority,include=(1 to 63),RIGHT,NOENTRY,COMMENTS="Tilauksen tärkeys";
z = subcall.sc_advise_arrival,NOENTRY,include=(K,E),default="E",UPSHIFT,COMMENTS="Pitääkö ajajan ilmoittaa välittäjälle saapumisesta (K,E)";

f = subcall.sc_veh_attr_flag,UPSHIFT,include=(K,E),NOENTRY,autonext,COMMENTS="Vaaditaanko tietynlainen auto tähän ajoon (K,E)";

j0 = subcall.sc_veh_attr[1, 2], UPSHIFT, COMMENTS="Ominaisuus 1", DEFAULT="E", INCLUDE=("K", "E", "*");
j1 = subcall.sc_veh_attr[3, 4], UPSHIFT, COMMENTS="Ominaisuus 2", DEFAULT="E", INCLUDE=("K", "E", "*");
j2 = subcall.sc_veh_attr[5, 6], UPSHIFT, COMMENTS="Ominaisuus 3", DEFAULT="E", INCLUDE=("K", "E", "*");
j3 = subcall.sc_veh_attr[7, 8], UPSHIFT, COMMENTS="Ominaisuus 4", DEFAULT="E", INCLUDE=("K", "E", "*");
j4 = subcall.sc_veh_attr[9, 10], UPSHIFT, COMMENTS="Ominaisuus 5", DEFAULT="E", INCLUDE=("K", "E", "*");
j5 = subcall.sc_veh_attr[11, 12], UPSHIFT, COMMENTS="Ominaisuus 6", DEFAULT="E", INCLUDE=("K", "E", "*");
j6 = subcall.sc_veh_attr[13, 14], UPSHIFT, COMMENTS="Ominaisuus 7", DEFAULT="E", INCLUDE=("K", "E", "*");
j7 = subcall.sc_veh_attr[15, 16], UPSHIFT, COMMENTS="Ominaisuus 8", DEFAULT="E", INCLUDE=("K", "E", "*");
k0 = subcall.sc_veh_attr[17, 18], UPSHIFT, COMMENTS="Ominaisuus 9", DEFAULT="E", INCLUDE=("K", "E", "*");
k1 = subcall.sc_veh_attr[19, 20], UPSHIFT, COMMENTS="Ominaisuus 10", DEFAULT="E", INCLUDE=("K", "E", "*");
k2 = subcall.sc_veh_attr[21, 22], UPSHIFT, COMMENTS="Ominaisuus 11", DEFAULT="E", INCLUDE=("K", "E", "*");
k3 = subcall.sc_veh_attr[23, 24], UPSHIFT, COMMENTS="Ominaisuus 12", DEFAULT="E", INCLUDE=("K", "E", "*");
k4 = subcall.sc_veh_attr[25, 26], UPSHIFT, COMMENTS="Ominaisuus 13", DEFAULT="E", INCLUDE=("K", "E", "*");
k5 = subcall.sc_veh_attr[27, 28], UPSHIFT, COMMENTS="Ominaisuus 14", DEFAULT="E", INCLUDE=("K", "E", "*");
k6 = subcall.sc_veh_attr[29, 30], UPSHIFT, COMMENTS="Ominaisuus 15", DEFAULT="E", INCLUDE=("K", "E", "*");
k7 = subcall.sc_veh_attr[31, 32], UPSHIFT, COMMENTS="Ominaisuus 16", DEFAULT="E", INCLUDE=("K", "E", "*");
l0 = subcall.sc_veh_attr[33, 34], UPSHIFT, COMMENTS="Ominaisuus 17", DEFAULT="E", INCLUDE=("K", "E", "*");
l1 = subcall.sc_veh_attr[35, 36], UPSHIFT, COMMENTS="Ominaisuus 18", DEFAULT="E", INCLUDE=("K", "E", "*");
l2 = subcall.sc_veh_attr[37, 38], UPSHIFT, COMMENTS="Ominaisuus 19", DEFAULT="E", INCLUDE=("K", "E", "*");
l3 = subcall.sc_veh_attr[39, 40], UPSHIFT, COMMENTS="Ominaisuus 20", DEFAULT="E", INCLUDE=("K", "E", "*");
l4 = subcall.sc_veh_attr[41, 42], UPSHIFT, COMMENTS="Ominaisuus 21", DEFAULT="E", INCLUDE=("K", "E", "*");
l5 = subcall.sc_veh_attr[43, 44], UPSHIFT, COMMENTS="Ominaisuus 22", DEFAULT="E", INCLUDE=("K", "E", "*");
l6 = subcall.sc_veh_attr[45, 46], UPSHIFT, COMMENTS="Ominaisuus 23", DEFAULT="E", INCLUDE=("K", "E", "*");
l7 = subcall.sc_veh_attr[47, 48], UPSHIFT, COMMENTS="Ominaisuus 24", DEFAULT="E", INCLUDE=("K", "E", "*");
m0 = subcall.sc_veh_attr[49, 50], UPSHIFT, COMMENTS="Ominaisuus 25", DEFAULT="E", INCLUDE=("K", "E", "*");
m1 = subcall.sc_veh_attr[51, 52], UPSHIFT, COMMENTS="Ominaisuus 26", DEFAULT="E", INCLUDE=("K", "E", "*");
m2 = subcall.sc_veh_attr[53, 54], UPSHIFT, COMMENTS="Ominaisuus 27", DEFAULT="E", INCLUDE=("K", "E", "*");
m3 = subcall.sc_veh_attr[55, 56], UPSHIFT, COMMENTS="Ominaisuus 28", DEFAULT="E", INCLUDE=("K", "E", "*");
m4 = subcall.sc_veh_attr[57, 58], UPSHIFT, COMMENTS="Ominaisuus 29", DEFAULT="E", INCLUDE=("K", "E", "*");
m5 = subcall.sc_veh_attr[59, 60], UPSHIFT, COMMENTS="Ominaisuus 30", DEFAULT="E", INCLUDE=("K", "E", "*");
m6 = subcall.sc_veh_attr[61, 62], UPSHIFT, COMMENTS="Ominaisuus 31", DEFAULT="E", INCLUDE=("K", "E", "*");
m7 = subcall.sc_veh_attr[63, 64], UPSHIFT, COMMENTS="Ominaisuus 32", DEFAULT="E", INCLUDE=("K", "E", "*");

g = subcall.sc_drv_attr_flag,UPSHIFT,include=(K,E),NOENTRY,autonext,COMMENTS="Vaaditaanko tietynlainen ajaja tälle ajolle (K,E)";

n0 = subcall.sc_drv_attr[1, 2], UPSHIFT, COMMENTS="Ominaisuus 1", DEFAULT="E", INCLUDE=("K", "E", "*");
n1 = subcall.sc_drv_attr[3, 4], UPSHIFT, COMMENTS="Ominaisuus 2", DEFAULT="E", INCLUDE=("K", "E", "*");
n2 = subcall.sc_drv_attr[5, 6], UPSHIFT, COMMENTS="Ominaisuus 3", DEFAULT="E", INCLUDE=("K", "E", "*");
n3 = subcall.sc_drv_attr[7, 8], UPSHIFT, COMMENTS="Ominaisuus 4", DEFAULT="E", INCLUDE=("K", "E", "*");
n4 = subcall.sc_drv_attr[9, 10], UPSHIFT, COMMENTS="Ominaisuus 5", DEFAULT="E", INCLUDE=("K", "E", "*");
n5 = subcall.sc_drv_attr[11, 12], UPSHIFT, COMMENTS="Ominaisuus 6", DEFAULT="E", INCLUDE=("K", "E", "*");
n6 = subcall.sc_drv_attr[13, 14], UPSHIFT, COMMENTS="Ominaisuus 7", DEFAULT="E", INCLUDE=("K", "E", "*");
n7 = subcall.sc_drv_attr[15, 16], UPSHIFT, COMMENTS="Ominaisuus 8", DEFAULT="E", INCLUDE=("K", "E", "*");
o0 = subcall.sc_drv_attr[17, 18], UPSHIFT, COMMENTS="Ominaisuus 9", DEFAULT="E", INCLUDE=("K", "E", "*");
o1 = subcall.sc_drv_attr[19, 20], UPSHIFT, COMMENTS="Ominaisuus 10", DEFAULT="E", INCLUDE=("K", "E", "*");
o2 = subcall.sc_drv_attr[21, 22], UPSHIFT, COMMENTS="Ominaisuus 11", DEFAULT="E", INCLUDE=("K", "E", "*");
o3 = subcall.sc_drv_attr[23, 24], UPSHIFT, COMMENTS="Ominaisuus 12", DEFAULT="E", INCLUDE=("K", "E", "*");
o4 = subcall.sc_drv_attr[25, 26], UPSHIFT, COMMENTS="Ominaisuus 13", DEFAULT="E", INCLUDE=("K", "E", "*");
o5 = subcall.sc_drv_attr[27, 28], UPSHIFT, COMMENTS="Ominaisuus 14", DEFAULT="E", INCLUDE=("K", "E", "*");
o6 = subcall.sc_drv_attr[29, 30], UPSHIFT, COMMENTS="Ominaisuus 15", DEFAULT="E", INCLUDE=("K", "E", "*");
o7 = subcall.sc_drv_attr[31, 32], UPSHIFT, COMMENTS="Ominaisuus 16", DEFAULT="E", INCLUDE=("K", "E", "*");
p0 = subcall.sc_drv_attr[33, 34], UPSHIFT, COMMENTS="Ominaisuus 17", DEFAULT="E", INCLUDE=("K", "E", "*");
p1 = subcall.sc_drv_attr[35, 36], UPSHIFT, COMMENTS="Ominaisuus 18", DEFAULT="E", INCLUDE=("K", "E", "*");
p2 = subcall.sc_drv_attr[37, 38], UPSHIFT, COMMENTS="Ominaisuus 19", DEFAULT="E", INCLUDE=("K", "E", "*");
p3 = subcall.sc_drv_attr[39, 40], UPSHIFT, COMMENTS="Ominaisuus 20", DEFAULT="E", INCLUDE=("K", "E", "*");
p4 = subcall.sc_drv_attr[41, 42], UPSHIFT, COMMENTS="Ominaisuus 21", DEFAULT="E", INCLUDE=("K", "E", "*");
p5 = subcall.sc_drv_attr[43, 44], UPSHIFT, COMMENTS="Ominaisuus 22", DEFAULT="E", INCLUDE=("K", "E", "*");
p6 = subcall.sc_drv_attr[45, 46], UPSHIFT, COMMENTS="Ominaisuus 23", DEFAULT="E", INCLUDE=("K", "E", "*");
p7 = subcall.sc_drv_attr[47, 48], UPSHIFT, COMMENTS="Ominaisuus 24", DEFAULT="E", INCLUDE=("K", "E", "*");
q0 = subcall.sc_drv_attr[49, 50], UPSHIFT, COMMENTS="Ominaisuus 25", DEFAULT="E", INCLUDE=("K", "E", "*");
q1 = subcall.sc_drv_attr[51, 52], UPSHIFT, COMMENTS="Ominaisuus 26", DEFAULT="E", INCLUDE=("K", "E", "*");
q2 = subcall.sc_drv_attr[53, 54], UPSHIFT, COMMENTS="Ominaisuus 27", DEFAULT="E", INCLUDE=("K", "E", "*");
q3 = subcall.sc_drv_attr[55, 56], UPSHIFT, COMMENTS="Ominaisuus 28", DEFAULT="E", INCLUDE=("K", "E", "*");
q4 = subcall.sc_drv_attr[57, 58], UPSHIFT, COMMENTS="Ominaisuus 29", DEFAULT="E", INCLUDE=("K", "E", "*");
q5 = subcall.sc_drv_attr[59, 60], UPSHIFT, COMMENTS="Ominaisuus 30", DEFAULT="E", INCLUDE=("K", "E", "*");
q6 = subcall.sc_drv_attr[61, 62], UPSHIFT, COMMENTS="Ominaisuus 31", DEFAULT="E", INCLUDE=("K", "E", "*");
q7 = subcall.sc_drv_attr[63, 64], UPSHIFT, COMMENTS="Ominaisuus 32", DEFAULT="E", INCLUDE=("K", "E", "*");

f023 = subcall.sc_charge_nbr,NOENTRY,COMMENTS="Asiakkaan tilin tai luottokortin numero";
f024 = subcall.sc_requested_by,UPSHIFT,NOENTRY,COMMENTS="Palvelua pyytävän henkilön nimi";
f025 = subcall.sc_person_to_see,UPSHIFT,NOENTRY,COMMENTS="Henkilö joka hoitaa asiaa päämääräosoitteessa";
f026 = subcall.sc_call_rate,RIGHT,FORMAT="####.##",NOENTRY,COMMENTS="Kiinteä taksa tälle palvellulle ... jätä syötteestä desimaalipilkku pois.";
f027 = subcall.sc_from_date,NOENTRY,COMMENTS="Jatkuvan tilauksen aloituspäivämäärä";
f028 = subcall.sc_to_date,NOENTRY,COMMENTS="Jatkuvan tilauksen lopetuspäivämäärä";
b = subcall.sc_local,UPSHIFT,include=(K,E),NOENTRY,COMMENTS="Ajo on paikallinen (K,E)";
f029 = subcall.sc_mon_time,RIGHT,NOENTRY,COMMENTS="Noutoaika joka viikon maanantaille";
f030 = subcall.sc_mon_time_change,RIGHT,NOENTRY,COMMENTS="Yksi muutos maanantain aikaan";
f031 = subcall.sc_tue_time,RIGHT,NOENTRY,COMMENTS="Noutoaika joka viikon tiistaille";
f032 = subcall.sc_tue_time_change,RIGHT,NOENTRY,COMMENTS="Yksi muutos tiistain aikaan";
f033 = subcall.sc_wed_time,RIGHT,NOENTRY,COMMENTS="Noutoaika joka viikon keskiviikolle";
f034 = subcall.sc_wed_time_change,RIGHT,NOENTRY,COMMENTS="Yksi muutos keskiviikon aikaan";
f035 = subcall.sc_thu_time,RIGHT,NOENTRY,COMMENTS="Noutoaika joka viikon torstaille";
f036 = subcall.sc_thu_time_change,RIGHT,NOENTRY,COMMENTS="Yksi muutos torstain aikaan";
f037 = subcall.sc_fri_time,RIGHT,NOENTRY,COMMENTS="Noutoaika joka viikon perjantaille";
f038 = subcall.sc_fri_time_change,RIGHT,NOENTRY,COMMENTS="Yksi muutos perjantain aikaan";
f039 = subcall.sc_sat_time,RIGHT,NOENTRY,COMMENTS="Noutoaika joka viikon lauantaille";
f040 = subcall.sc_sat_time_change,RIGHT,NOENTRY,COMMENTS="Yksi muutos lauantain aikaan";
f041 = subcall.sc_sun_time,RIGHT,NOENTRY,COMMENTS="Noutoaika joka viikon sunnuntaille";
f042 = subcall.sc_sun_time_change,RIGHT,NOENTRY,COMMENTS="Yksi muutos sunnuntain aikaan";
f055 = subcall.sc_pckup_pmap,UPSHIFT,NOENTRY,COMMENTS="Laaditaanko ajajalle nouto-osoitteen karttaselitys";
f056 = subcall.sc_dest_dmap,UPSHIFT,NOENTRY,COMMENTS="Muotoiltu nouto-osoitteen karttaselitys ajajalle";
f048 = subcall.sc_date_in,NOENTRY,NOUPDATE,COMMENTS="Tilauksen kirjauspvm";
f049 = subcall.sc_time_in,NOENTRY,NOUPDATE,COMMENTS="Tilauksen kirjausaika";
i = subcall.sc_pod_required,UPSHIFT,include=(K,E),NOENTRY,COMMENTS="Tarvitaanko toimituksesta kuittaus (K,E)";
f044 = subcall.sc_enter_by,RIGHT,NOENTRY,NOUPDATE,COMMENTS="Tilauksen kirjanneen henkilön käyttäjätunnus";
f045 = subcall.sc_last_changed_by,RIGHT,NOENTRY,COMMENTS="Tätä jatkuvaa tilausta viimeksi muuttaneen henkilön käyttäjätunnus";
f046 = subcall.sc_call_nbr1,RIGHT,NOENTRY,COMMENTS="Tilauksen numero jatkuvalle tilaukselle seuraavaksi 24:ksi tunniksi";
f047 = subcall.sc_call_nbr2,RIGHT,NOENTRY,COMMENTS="Til.nro seur. 25-48 tunniksi tilaukselle, joka keh. tästä jatk. tilauksesta";
f050 = subcall.sc_ac_addt1_info1,UPSHIFT,NOENTRY,COMMENTS="Tieto syötetty vastauksena tilitiedoston kehotteeseen";
f051 = subcall.sc_ac_addt1_info2,UPSHIFT,NOENTRY,COMMENTS="Tieto syötetty vastauksena tilitiedoston kehotteeseen";
f054 = subcall.sc_driver_msg,UPSHIFT,NOENTRY,COMMENTS="Viesti joka lähetetään ajajalle tilitiedostosta, jos tämä on laskutusajo";
f053 = subcall.sc_company_name,UPSHIFT,NOENTRY,COMMENTS="Yrityksen nimi, jos tilaus laskutetaan tilille";

instructions
   delimiters "()";
   composites <subcall.sc_fleet, subcall.sc_pckup_zone>
	   <zone.zn_fleet, zone.zn_nbr>
end
#
#      The composite column for table "subcall" containing column 
# "sc_pckup_zone" is not indexed.  Performance will be much improved by 
# creating an index on the column.
# See error number -2845. 
