{
|***********************************************************************
|                 RCS INFO
|
|  @(#)  $RCSfile: acad.per,v $
|  @(#)  $Revision: 1.3 $
|  @(#)  $Date: 1998/11/14 14:48:12 $
|  @(#)  $Author: taxiadm $
|  @(#)  $Source: /taxi-scan/taxi_proj/cvs/taxi-scan/src/forms/danish/acad.per,v $
|
|  Copyright (c) 1994 - MobileSoft Consulting, Inc. Woodinville WA
|
|**********************************************************************/
|ident "@(#) head:$RCSfile: acad.per,v $	$Revision: 1.3 $"
}
database mads
screen
{
Konto
    Vgnpk   Kontonummer		 Adresse nummer
    [a]     [f000              ] [ b]
Adresse
    Husnummer              Gadenavn                               Lejl/vær Kom           Postnr         
    [f002  ]               [f003                ]                 [f004 ]  [a3 ]         [f005 ]
Kontakt
    Telefonnummer 
    [f007              ]
}
end
tables
acad
fleet
account
attributes
a = acad.acad_fleet,REQUIRED, UPSHIFT, COMMENTS="Vognpark-ID", LOOKUP JOINING * fleet.fl_id;
f000 = acad.acad_account,REQUIRED,UPSHIFT,COMMENTS="Et firmakonto- eller kontokortnummer", PICTURE="##################", LOOKUP JOINING * account.ac_nbr;
b = acad.acad_index,REQUIRED, COMMENTS="Number assigned to this Account Address";
f002 = acad.acad_st_nbr,RIGHT,COMMENTS="Husnummer på kundens adresse";
f003 = acad.acad_st_name,UPSHIFT,COMMENTS="Gadenavn";
f004 = acad.acad_apartment, UPSHIFT, COMMENTS="Lejligheds- eller værelsenummer";
a3 = acad.acad_city_name,UPSHIFT,COMMENTS="Kommune";
f005 = acad.acad_zip_code,COMMENTS="Postnr";
f007 = acad.acad_phone_nbr, UPSHIFT, COMMENTS="Telefonnummer";
end
instructions
	delimiters "()";
end


#
#      The column "ac_nbr" is a dominant column but it is not indexed.
# Performance will be much improved by creating an index on the column.
# See error number -2920. 
